<?xml version="1.0" encoding="UTF-8"?>
<!-- Generated by org.testng.reporters.JUnitXMLReporter -->
<testsuite hostname="SAMADVAITHA" ignored="0" name=" sanity Test" tests="3" failures="1" timestamp="06 Apr 2020 18:26:14 GMT" time="10.642" errors="0">
  <testcase name="testFailed" time="0.016" classname="com.qa.webDotCom.extentreports.testClass1">
    <failure type="java.lang.AssertionError" message="null">
      <![CDATA[java.lang.AssertionError: null
at com.qa.webDotCom.extentreports.testClass1.testFailed(testClass1.java:75)
... Removed 27 stack frames]]>
    </failure>
  </testcase> <!-- testFailed -->
  <testcase name="testPassed" time="0.002" classname="com.qa.webDotCom.extentreports.testClass1"/>
  <testcase name="testSkipped" time="0.003" classname="com.qa.webDotCom.extentreports.testClass1">
    <skipped/>
  </testcase> <!-- testSkipped -->
</testsuite> <!--  sanity Test -->
