<?xml version="1.0" encoding="UTF-8"?>
<!-- Generated by org.testng.reporters.JUnitXMLReporter -->
<testsuite hostname="SAMADVAITHA" ignored="0" name="sanity test 2 :" tests="3" failures="2" timestamp="06 Apr 2020 15:57:39 GMT" time="7.912" errors="0">
  <testcase name="testFailed" time="0.003" classname="com.qa.webDotCom.extentreports.testClass1">
    <failure type="java.lang.AssertionError" message="null">
      <![CDATA[java.lang.AssertionError: null
at com.qa.webDotCom.extentreports.testClass1.testFailed(testClass1.java:61)
... Removed 27 stack frames]]>
    </failure>
  </testcase> <!-- testFailed -->
  <testcase name="testPassed" time="0.003" classname="com.qa.webDotCom.extentreports.testClass1"/>
  <testcase name="testSkipped" time="0.0" classname="com.qa.webDotCom.extentreports.testClass1">
    <failure type="org.testng.TestNGException" message="
Cannot inject @Test annotated Method [testSkipped] with [class java.lang.String].
For more information on native dependency injection please refer to http://testng.org/doc/documentation-main.html#native-dependency-injection">
      <![CDATA[org.testng.TestNGException: 
Cannot inject @Test annotated Method [testSkipped] with [class java.lang.String].
For more information on native dependency injection please refer to http://testng.org/doc/documentation-main.html#native-dependency-injection
... Removed 24 stack frames]]>
    </failure>
  </testcase> <!-- testSkipped -->
</testsuite> <!-- sanity test 2 : -->
